{
  "RSpec": {
    "coverage": {
      "/Users/rahulmishra/reference/konnector_api/app/models/user.rb": {
        "lines": [
          1,
          1,
          1,
          1,
          null
        ]
      },
      "/Users/rahulmishra/reference/konnector_api/app/models/application_record.rb": {
        "lines": [
          1,
          1,
          null
        ]
      },
      "/Users/rahulmishra/reference/konnector_api/app/controllers/users_controller.rb": {
        "lines": [
          1,
          1,
          null,
          1,
          2,
          2,
          null,
          null,
          1,
          4,
          4,
          2,
          null,
          2,
          null,
          null,
          null,
          1,
          3,
          3,
          null,
          6,
          null,
          null,
          3,
          null,
          1,
          null,
          null,
          1,
          null,
          1,
          4,
          null,
          null,
          1,
          5,
          1,
          4,
          1,
          null,
          null,
          null
        ]
      },
      "/Users/rahulmishra/reference/konnector_api/app/controllers/application_controller.rb": {
        "lines": [
          1,
          null
        ]
      }
    },
    "timestamp": 1721377715
  }
}
